[05-Feb-2024 15:36:12 Europe/Berlin] PHP Warning:  Undefined array key "Content-Type" in C:\xampp\htdocs\api\web\src\Controller\Component\SecurOSComponent.php on line 62
[05-Feb-2024 15:36:12 Europe/Berlin] PHP Warning:  Trying to access array offset on value of type null in C:\xampp\htdocs\api\web\src\Controller\GetOCRDataController.php on line 122
[05-Feb-2024 15:36:12 Europe/Berlin] PHP Warning:  foreach() argument must be of type array|object, null given in C:\xampp\htdocs\api\web\src\Controller\GetOCRDataController.php on line 124
[05-Feb-2024 15:36:12 Europe/Berlin] PHP Warning:  Cannot modify header information - headers already sent by (output started at C:\xampp\htdocs\api\web\src\Controller\Component\SecurOSComponent.php:62) in C:\xampp\htdocs\api\web\tecno\View\Ajax.php on line 83
[05-Feb-2024 15:36:12 Europe/Berlin] PHP Warning:  Cannot modify header information - headers already sent by (output started at C:\xampp\htdocs\api\web\src\Controller\Component\SecurOSComponent.php:62) in C:\xampp\htdocs\api\web\tecno\View\Ajax.php on line 84
[05-Feb-2024 15:36:12 Europe/Berlin] PHP Warning:  Cannot modify header information - headers already sent by (output started at C:\xampp\htdocs\api\web\src\Controller\Component\SecurOSComponent.php:62) in C:\xampp\htdocs\api\web\tecno\View\Ajax.php on line 85
[05-Feb-2024 15:36:39 Europe/Berlin] PHP Warning:  Undefined array key "Content-Type" in C:\xampp\htdocs\api\web\src\Controller\Component\SecurOSComponent.php on line 62
[05-Feb-2024 15:36:39 Europe/Berlin] PHP Warning:  Trying to access array offset on value of type null in C:\xampp\htdocs\api\web\src\Controller\GetOCRDataController.php on line 122
[05-Feb-2024 15:36:39 Europe/Berlin] PHP Warning:  foreach() argument must be of type array|object, null given in C:\xampp\htdocs\api\web\src\Controller\GetOCRDataController.php on line 124
[05-Feb-2024 15:36:39 Europe/Berlin] PHP Warning:  Cannot modify header information - headers already sent by (output started at C:\xampp\htdocs\api\web\src\Controller\Component\SecurOSComponent.php:62) in C:\xampp\htdocs\api\web\tecno\View\Ajax.php on line 83
[05-Feb-2024 15:36:39 Europe/Berlin] PHP Warning:  Cannot modify header information - headers already sent by (output started at C:\xampp\htdocs\api\web\src\Controller\Component\SecurOSComponent.php:62) in C:\xampp\htdocs\api\web\tecno\View\Ajax.php on line 84
[05-Feb-2024 15:36:39 Europe/Berlin] PHP Warning:  Cannot modify header information - headers already sent by (output started at C:\xampp\htdocs\api\web\src\Controller\Component\SecurOSComponent.php:62) in C:\xampp\htdocs\api\web\tecno\View\Ajax.php on line 85
[05-Feb-2024 15:36:57 Europe/Berlin] PHP Warning:  Undefined array key "Content-Type" in C:\xampp\htdocs\api\web\src\Controller\Component\SecurOSComponent.php on line 62
[05-Feb-2024 15:36:57 Europe/Berlin] PHP Warning:  Trying to access array offset on value of type null in C:\xampp\htdocs\api\web\src\Controller\GetOCRDataController.php on line 122
[05-Feb-2024 15:36:57 Europe/Berlin] PHP Warning:  foreach() argument must be of type array|object, null given in C:\xampp\htdocs\api\web\src\Controller\GetOCRDataController.php on line 124
[05-Feb-2024 15:36:57 Europe/Berlin] PHP Warning:  Cannot modify header information - headers already sent by (output started at C:\xampp\htdocs\api\web\src\Controller\Component\SecurOSComponent.php:62) in C:\xampp\htdocs\api\web\tecno\View\Ajax.php on line 83
[05-Feb-2024 15:36:57 Europe/Berlin] PHP Warning:  Cannot modify header information - headers already sent by (output started at C:\xampp\htdocs\api\web\src\Controller\Component\SecurOSComponent.php:62) in C:\xampp\htdocs\api\web\tecno\View\Ajax.php on line 84
[05-Feb-2024 15:36:57 Europe/Berlin] PHP Warning:  Cannot modify header information - headers already sent by (output started at C:\xampp\htdocs\api\web\src\Controller\Component\SecurOSComponent.php:62) in C:\xampp\htdocs\api\web\tecno\View\Ajax.php on line 85
[05-Feb-2024 15:40:47 Europe/Berlin] PHP Warning:  Undefined array key "Content-Type" in C:\xampp\htdocs\api\web\src\Controller\Component\SecurOSComponent.php on line 62
[05-Feb-2024 15:40:47 Europe/Berlin] PHP Warning:  Trying to access array offset on value of type null in C:\xampp\htdocs\api\web\src\Controller\GetOCRDataController.php on line 122
[05-Feb-2024 15:40:47 Europe/Berlin] PHP Warning:  foreach() argument must be of type array|object, null given in C:\xampp\htdocs\api\web\src\Controller\GetOCRDataController.php on line 124
[05-Feb-2024 15:40:47 Europe/Berlin] PHP Warning:  Cannot modify header information - headers already sent by (output started at C:\xampp\htdocs\api\web\src\Controller\Component\SecurOSComponent.php:62) in C:\xampp\htdocs\api\web\tecno\View\Ajax.php on line 83
[05-Feb-2024 15:40:47 Europe/Berlin] PHP Warning:  Cannot modify header information - headers already sent by (output started at C:\xampp\htdocs\api\web\src\Controller\Component\SecurOSComponent.php:62) in C:\xampp\htdocs\api\web\tecno\View\Ajax.php on line 84
[05-Feb-2024 15:40:47 Europe/Berlin] PHP Warning:  Cannot modify header information - headers already sent by (output started at C:\xampp\htdocs\api\web\src\Controller\Component\SecurOSComponent.php:62) in C:\xampp\htdocs\api\web\tecno\View\Ajax.php on line 85
[05-Feb-2024 15:41:57 Europe/Berlin] PHP Warning:  Undefined array key "Content-Type" in C:\xampp\htdocs\api\web\src\Controller\Component\SecurOSComponent.php on line 62
[05-Feb-2024 15:41:57 Europe/Berlin] PHP Warning:  Trying to access array offset on value of type null in C:\xampp\htdocs\api\web\src\Controller\GetOCRDataController.php on line 122
[05-Feb-2024 15:41:57 Europe/Berlin] PHP Warning:  foreach() argument must be of type array|object, null given in C:\xampp\htdocs\api\web\src\Controller\GetOCRDataController.php on line 124
[05-Feb-2024 15:41:57 Europe/Berlin] PHP Warning:  Cannot modify header information - headers already sent by (output started at C:\xampp\htdocs\api\web\src\Controller\Component\SecurOSComponent.php:62) in C:\xampp\htdocs\api\web\tecno\View\Ajax.php on line 83
[05-Feb-2024 15:41:57 Europe/Berlin] PHP Warning:  Cannot modify header information - headers already sent by (output started at C:\xampp\htdocs\api\web\src\Controller\Component\SecurOSComponent.php:62) in C:\xampp\htdocs\api\web\tecno\View\Ajax.php on line 84
[05-Feb-2024 15:41:57 Europe/Berlin] PHP Warning:  Cannot modify header information - headers already sent by (output started at C:\xampp\htdocs\api\web\src\Controller\Component\SecurOSComponent.php:62) in C:\xampp\htdocs\api\web\tecno\View\Ajax.php on line 85
[05-Feb-2024 15:44:56 Europe/Berlin] PHP Warning:  Undefined array key "Content-Type" in C:\xampp\htdocs\api\web\src\Controller\Component\SecurOSComponent.php on line 62
[05-Feb-2024 15:44:56 Europe/Berlin] PHP Warning:  Trying to access array offset on value of type null in C:\xampp\htdocs\api\web\src\Controller\GetOCRDataController.php on line 122
[05-Feb-2024 15:44:56 Europe/Berlin] PHP Warning:  foreach() argument must be of type array|object, null given in C:\xampp\htdocs\api\web\src\Controller\GetOCRDataController.php on line 124
[05-Feb-2024 15:44:56 Europe/Berlin] PHP Warning:  Cannot modify header information - headers already sent by (output started at C:\xampp\htdocs\api\web\src\Controller\Component\SecurOSComponent.php:62) in C:\xampp\htdocs\api\web\tecno\View\Ajax.php on line 83
[05-Feb-2024 15:44:56 Europe/Berlin] PHP Warning:  Cannot modify header information - headers already sent by (output started at C:\xampp\htdocs\api\web\src\Controller\Component\SecurOSComponent.php:62) in C:\xampp\htdocs\api\web\tecno\View\Ajax.php on line 84
[05-Feb-2024 15:44:56 Europe/Berlin] PHP Warning:  Cannot modify header information - headers already sent by (output started at C:\xampp\htdocs\api\web\src\Controller\Component\SecurOSComponent.php:62) in C:\xampp\htdocs\api\web\tecno\View\Ajax.php on line 85
[05-Feb-2024 15:45:12 Europe/Berlin] PHP Warning:  Undefined array key "Content-Type" in C:\xampp\htdocs\api\web\src\Controller\Component\SecurOSComponent.php on line 62
[05-Feb-2024 15:45:12 Europe/Berlin] PHP Warning:  Trying to access array offset on value of type null in C:\xampp\htdocs\api\web\src\Controller\GetOCRDataController.php on line 122
[05-Feb-2024 15:45:12 Europe/Berlin] PHP Warning:  foreach() argument must be of type array|object, null given in C:\xampp\htdocs\api\web\src\Controller\GetOCRDataController.php on line 124
[05-Feb-2024 15:45:12 Europe/Berlin] PHP Warning:  Cannot modify header information - headers already sent by (output started at C:\xampp\htdocs\api\web\src\Controller\Component\SecurOSComponent.php:62) in C:\xampp\htdocs\api\web\tecno\View\Ajax.php on line 83
[05-Feb-2024 15:45:12 Europe/Berlin] PHP Warning:  Cannot modify header information - headers already sent by (output started at C:\xampp\htdocs\api\web\src\Controller\Component\SecurOSComponent.php:62) in C:\xampp\htdocs\api\web\tecno\View\Ajax.php on line 84
[05-Feb-2024 15:45:12 Europe/Berlin] PHP Warning:  Cannot modify header information - headers already sent by (output started at C:\xampp\htdocs\api\web\src\Controller\Component\SecurOSComponent.php:62) in C:\xampp\htdocs\api\web\tecno\View\Ajax.php on line 85
[05-Feb-2024 15:45:54 Europe/Berlin] PHP Warning:  Undefined array key 1 in C:\xampp\htdocs\api\web\src\Controller\GetOCRDataController.php on line 126
[05-Feb-2024 15:45:54 Europe/Berlin] PHP Warning:  Undefined array key 2 in C:\xampp\htdocs\api\web\src\Controller\GetOCRDataController.php on line 130
[05-Feb-2024 15:45:54 Europe/Berlin] PHP Warning:  Undefined array key 1 in C:\xampp\htdocs\api\web\src\Controller\GetOCRDataController.php on line 126
[05-Feb-2024 15:45:54 Europe/Berlin] PHP Warning:  Undefined array key 2 in C:\xampp\htdocs\api\web\src\Controller\GetOCRDataController.php on line 130
[05-Feb-2024 15:45:54 Europe/Berlin] PHP Warning:  Cannot modify header information - headers already sent by (output started at C:\xampp\htdocs\api\web\src\Controller\GetOCRDataController.php:126) in C:\xampp\htdocs\api\web\tecno\View\Ajax.php on line 83
[05-Feb-2024 15:45:54 Europe/Berlin] PHP Warning:  Cannot modify header information - headers already sent by (output started at C:\xampp\htdocs\api\web\src\Controller\GetOCRDataController.php:126) in C:\xampp\htdocs\api\web\tecno\View\Ajax.php on line 84
[05-Feb-2024 15:45:54 Europe/Berlin] PHP Warning:  Cannot modify header information - headers already sent by (output started at C:\xampp\htdocs\api\web\src\Controller\GetOCRDataController.php:126) in C:\xampp\htdocs\api\web\tecno\View\Ajax.php on line 85
